<?xml version="1.0" encoding="UTF-8"?>
<!-- Generated by org.testng.reporters.JUnitReportReporter -->
<testsuite hostname="WINDOWS-1DOT8LB" failures="0" tests="4" name="api.test.TC003_UserTestsPropertiesRoutesURL" time="276.822" errors="0" timestamp="2024-01-23T10:03:39 EST" skipped="0">
  <testcase classname="api.test.TC003_UserTestsPropertiesRoutesURL" name="verify_postUser" time="261.812"/>
  <testcase classname="api.test.TC003_UserTestsPropertiesRoutesURL" name="verify_GetUserByName" time="11.683"/>
  <testcase classname="api.test.TC003_UserTestsPropertiesRoutesURL" name="verify_updateUserByName" time="1.741"/>
  <testcase classname="api.test.TC003_UserTestsPropertiesRoutesURL" name="verify_deleteUserByName" time="1.586"/>
</testsuite> <!-- api.test.TC003_UserTestsPropertiesRoutesURL -->
