<?xml version="1.0" encoding="UTF-8"?>
<!-- Generated by org.testng.reporters.JUnitReportReporter -->
<testsuite hostname="WINDOWS-1DOT8LB" failures="0" tests="3" name="api.test.TC002_DataDrivenTest" time="311.797" errors="0" timestamp="2024-01-22T18:06:58 EST" skipped="0">
  <testcase classname="api.test.TC002_DataDrivenTest" name="testPostUser" time="3.435"/>
  <testcase classname="api.test.TC002_DataDrivenTest" name="testPostUser" time="22.787"/>
  <testcase classname="api.test.TC002_DataDrivenTest" name="testPostUser" time="285.575"/>
</testsuite> <!-- api.test.TC002_DataDrivenTest -->
