<?xml version="1.0" encoding="UTF-8"?>
<!-- Generated by org.testng.reporters.JUnitReportReporter -->
<testsuite hostname="WINDOWS-1DOT8LB" failures="0" tests="4" name="api.test.TC001_UserTests" time="2.761" errors="0" timestamp="2024-01-22T20:51:55 EST" skipped="0">
  <testcase classname="api.test.TC001_UserTests" name="verify_postUser" time="2.299"/>
  <testcase classname="api.test.TC001_UserTests" name="verify_GetUserByName" time="0.167"/>
  <testcase classname="api.test.TC001_UserTests" name="verify_updateUserByName" time="0.155"/>
  <testcase classname="api.test.TC001_UserTests" name="verify_deleteUserByName" time="0.140"/>
</testsuite> <!-- api.test.TC001_UserTests -->
