<?xml version="1.0" encoding="UTF-8"?>
<!-- Generated by org.testng.reporters.JUnitReportReporter -->
<testsuite hostname="WINDOWS-1DOT8LB" failures="0" tests="4" name="api.test.TC003_UserTestsPropertiesRoutesURL" time="2.702" errors="0" timestamp="2024-01-23T10:57:38 EST" skipped="0">
  <testcase classname="api.test.TC003_UserTestsPropertiesRoutesURL" name="verify_postUser" time="2.257"/>
  <testcase classname="api.test.TC003_UserTestsPropertiesRoutesURL" name="verify_GetUserByName" time="0.175"/>
  <testcase classname="api.test.TC003_UserTestsPropertiesRoutesURL" name="verify_updateUserByName" time="0.138"/>
  <testcase classname="api.test.TC003_UserTestsPropertiesRoutesURL" name="verify_deleteUserByName" time="0.132"/>
</testsuite> <!-- api.test.TC003_UserTestsPropertiesRoutesURL -->
